# JRE version: OpenJDK Runtime Environment (11.0.15) (build 11.0.15+0-b2043.56-9505619)
# Java VM: OpenJDK 64-Bit Server VM (11.0.15+0-b2043.56-9505619, mixed mode, tiered, compressed oops, g1 gc, windows-amd64)
Heap:
 garbage-first heap   total 145408K, used 121085K [0x00000000a0000000, 0x0000000100000000)
  region size 1024K, 4 young (4096K), 1 survivors (1024K)
 Metaspace       used 92354K, capacity 95698K, committed 95824K, reserved 1132544K
  class space    used 12126K, capacity 13236K, committed 13260K, reserved 1048576K
GC Heap History (20 events):
Event: 26.768 GC heap before
{Heap before GC invocations=56 (full 0):
 garbage-first heap   total 145408K, used 123086K [0x00000000a0000000, 0x0000000100000000)
  region size 1024K, 18 young (18432K), 3 survivors (3072K)
 Metaspace       used 89896K, capacity 92908K, committed 93136K, reserved 1130496K
  class space    used 11770K, capacity 12785K, committed 12876K, reserved 1048576K
}
Event: 26.774 GC heap after
{Heap after GC invocations=57 (full 0):
 garbage-first heap   total 145408K, used 111737K [0x00000000a0000000, 0x0000000100000000)
  region size 1024K, 3 young (3072K), 3 survivors (3072K)
 Metaspace       used 89896K, capacity 92908K, committed 93136K, reserved 1130496K
  class space    used 11770K, capacity 12785K, committed 12876K, reserved 1048576K
}
Event: 26.896 GC heap before
{Heap before GC invocations=57 (full 0):
 garbage-first heap   total 145408K, used 124025K [0x00000000a0000000, 0x0000000100000000)
  region size 1024K, 15 young (15360K), 3 survivors (3072K)
 Metaspace       used 90290K, capacity 93412K, committed 93776K, reserved 1130496K
  class space    used 11809K, capacity 12884K, committed 13004K, reserved 1048576K
}
Event: 26.900 GC heap after
{Heap after GC invocations=58 (full 0):
 garbage-first heap   total 145408K, used 113431K [0x00000000a0000000, 0x0000000100000000)
  region size 1024K, 2 young (2048K), 2 survivors (2048K)
 Metaspace       used 90290K, capacity 93412K, committed 93776K, reserved 1130496K
  class space    used 11809K, capacity 12884K, committed 13004K, reserved 1048576K
}
Event: 27.006 GC heap before
{Heap before GC invocations=58 (full 0):
 garbage-first heap   total 145408K, used 123671K [0x00000000a0000000, 0x0000000100000000)
  region size 1024K, 13 young (13312K), 2 survivors (2048K)
 Metaspace       used 90577K, capacity 93638K, committed 93776K, reserved 1130496K
  class space    used 11847K, capacity 12893K, committed 13004K, reserved 1048576K
}
Event: 27.009 GC heap after
{Heap after GC invocations=59 (full 0):
 garbage-first heap   total 145408K, used 114451K [0x00000000a0000000, 0x0000000100000000)
  region size 1024K, 2 young (2048K), 2 survivors (2048K)
 Metaspace       used 90577K, capacity 93638K, committed 93776K, reserved 1130496K
  class space    used 11847K, capacity 12893K, committed 13004K, reserved 1048576K
}
Event: 27.145 GC heap before
{Heap before GC invocations=60 (full 0):
 garbage-first heap   total 145408K, used 123667K [0x00000000a0000000, 0x0000000100000000)
  region size 1024K, 12 young (12288K), 2 survivors (2048K)
 Metaspace       used 91262K, capacity 94469K, committed 94672K, reserved 1130496K
  class space    used 11945K, capacity 13040K, committed 13132K, reserved 1048576K
}
Event: 27.147 GC heap after
{Heap after GC invocations=61 (full 0):
 garbage-first heap   total 145408K, used 115547K [0x00000000a0000000, 0x0000000100000000)
  region size 1024K, 2 young (2048K), 2 survivors (2048K)
 Metaspace       used 91262K, capacity 94469K, committed 94672K, reserved 1130496K
  class space    used 11945K, capacity 13040K, committed 13132K, reserved 1048576K
}
Event: 27.257 GC heap before
{Heap before GC invocations=61 (full 0):
 garbage-first heap   total 145408K, used 124763K [0x00000000a0000000, 0x0000000100000000)
  region size 1024K, 12 young (12288K), 2 survivors (2048K)
 Metaspace       used 91721K, capacity 94898K, committed 94928K, reserved 1130496K
  class space    used 12031K, capacity 13120K, committed 13132K, reserved 1048576K
}
Event: 27.261 GC heap after
{Heap after GC invocations=62 (full 0):
 garbage-first heap   total 145408K, used 117558K [0x00000000a0000000, 0x0000000100000000)
  region size 1024K, 2 young (2048K), 2 survivors (2048K)
 Metaspace       used 91721K, capacity 94898K, committed 94928K, reserved 1130496K
  class space    used 12031K, capacity 13120K, committed 13132K, reserved 1048576K
}
Event: 27.390 GC heap before
{Heap before GC invocations=63 (full 0):
 garbage-first heap   total 145408K, used 124726K [0x00000000a0000000, 0x0000000100000000)
  region size 1024K, 10 young (10240K), 2 survivors (2048K)
 Metaspace       used 91767K, capacity 95047K, committed 95184K, reserved 1132544K
  class space    used 12038K, capacity 13127K, committed 13132K, reserved 1048576K
}
Event: 27.392 GC heap after
{Heap after GC invocations=64 (full 0):
 garbage-first heap   total 145408K, used 117509K [0x00000000a0000000, 0x0000000100000000)
  region size 1024K, 1 young (1024K), 1 survivors (1024K)
 Metaspace       used 91767K, capacity 95047K, committed 95184K, reserved 1132544K
  class space    used 12038K, capacity 13127K, committed 13132K, reserved 1048576K
}
Event: 27.515 GC heap before
{Heap before GC invocations=64 (full 0):
 garbage-first heap   total 145408K, used 124677K [0x00000000a0000000, 0x0000000100000000)
  region size 1024K, 8 young (8192K), 1 survivors (1024K)
 Metaspace       used 91778K, capacity 95047K, committed 95184K, reserved 1132544K
  class space    used 12038K, capacity 13127K, committed 13132K, reserved 1048576K
}
Event: 27.517 GC heap after
{Heap after GC invocations=65 (full 0):
 garbage-first heap   total 145408K, used 117736K [0x00000000a0000000, 0x0000000100000000)
  region size 1024K, 1 young (1024K), 1 survivors (1024K)
 Metaspace       used 91778K, capacity 95047K, committed 95184K, reserved 1132544K
  class space    used 12038K, capacity 13127K, committed 13132K, reserved 1048576K
}
Event: 27.637 GC heap before
{Heap before GC invocations=65 (full 0):
 garbage-first heap   total 145408K, used 124904K [0x00000000a0000000, 0x0000000100000000)
  region size 1024K, 8 young (8192K), 1 survivors (1024K)
 Metaspace       used 91767K, capacity 95027K, committed 95184K, reserved 1132544K
  class space    used 12035K, capacity 13120K, committed 13132K, reserved 1048576K
}
Event: 27.639 GC heap after
{Heap after GC invocations=66 (full 0):
 garbage-first heap   total 145408K, used 118006K [0x00000000a0000000, 0x0000000100000000)
  region size 1024K, 1 young (1024K), 1 survivors (1024K)
 Metaspace       used 91767K, capacity 95027K, committed 95184K, reserved 1132544K
  class space    used 12035K, capacity 13120K, committed 13132K, reserved 1048576K
}
Event: 27.686 GC heap before
{Heap before GC invocations=67 (full 0):
 garbage-first heap   total 145408K, used 125174K [0x00000000a0000000, 0x0000000100000000)
  region size 1024K, 8 young (8192K), 1 survivors (1024K)
 Metaspace       used 91839K, capacity 95097K, committed 95312K, reserved 1132544K
  class space    used 12045K, capacity 13164K, committed 13260K, reserved 1048576K
}
Event: 27.687 GC heap after
{Heap after GC invocations=68 (full 0):
 garbage-first heap   total 145408K, used 118807K [0x00000000a0000000, 0x0000000100000000)
  region size 1024K, 1 young (1024K), 1 survivors (1024K)
 Metaspace       used 91839K, capacity 95097K, committed 95312K, reserved 1132544K
  class space    used 12045K, capacity 13164K, committed 13260K, reserved 1048576K
}
Event: 27.762 GC heap before
{Heap before GC invocations=68 (full 0):
 garbage-first heap   total 145408K, used 125975K [0x00000000a0000000, 0x0000000100000000)
  region size 1024K, 8 young (8192K), 1 survivors (1024K)
 Metaspace       used 92158K, capacity 95467K, committed 95568K, reserved 1132544K
  class space    used 12103K, capacity 13222K, committed 13260K, reserved 1048576K
}
Event: 27.765 GC heap after
{Heap after GC invocations=69 (full 0):
 garbage-first heap   total 145408K, used 119037K [0x00000000a0000000, 0x0000000100000000)
  region size 1024K, 1 young (1024K), 1 survivors (1024K)
 Metaspace       used 92158K, capacity 95467K, committed 95568K, reserved 1132544K
  class space    used 12103K, capacity 13222K, committed 13260K, reserved 1048576K
}

