# JRE version: OpenJDK Runtime Environment (11.0.15) (build 11.0.15+0-b2043.56-9505619)
# Java VM: OpenJDK 64-Bit Server VM (11.0.15+0-b2043.56-9505619, mixed mode, tiered, compressed oops, g1 gc, windows-amd64)
Heap:
 garbage-first heap   total 331776K, used 194359K [0x00000000a0000000, 0x0000000100000000)
  region size 1024K, 16 young (16384K), 2 survivors (2048K)
 Metaspace       used 107739K, capacity 112092K, committed 112392K, reserved 1146880K
  class space    used 13843K, capacity 15241K, committed 15360K, reserved 1048576K
GC Heap History (20 events):
Event: 34.525 GC heap before
{Heap before GC invocations=113 (full 0):
 garbage-first heap   total 314368K, used 282572K [0x00000000a0000000, 0x0000000100000000)
  region size 1024K, 15 young (15360K), 2 survivors (2048K)
 Metaspace       used 103964K, capacity 108079K, committed 108296K, reserved 1142784K
  class space    used 13434K, capacity 14749K, committed 14848K, reserved 1048576K
}
Event: 34.528 GC heap after
{Heap after GC invocations=114 (full 0):
 garbage-first heap   total 314368K, used 270691K [0x00000000a0000000, 0x0000000100000000)
  region size 1024K, 2 young (2048K), 2 survivors (2048K)
 Metaspace       used 103964K, capacity 108079K, committed 108296K, reserved 1142784K
  class space    used 13434K, capacity 14749K, committed 14848K, reserved 1048576K
}
Event: 34.729 GC heap before
{Heap before GC invocations=114 (full 0):
 garbage-first heap   total 314368K, used 282979K [0x00000000a0000000, 0x0000000100000000)
  region size 1024K, 15 young (15360K), 2 survivors (2048K)
 Metaspace       used 104997K, capacity 109162K, committed 109448K, reserved 1144832K
  class space    used 13539K, capacity 14882K, committed 14976K, reserved 1048576K
}
Event: 34.732 GC heap after
{Heap after GC invocations=115 (full 0):
 garbage-first heap   total 314368K, used 272410K [0x00000000a0000000, 0x0000000100000000)
  region size 1024K, 2 young (2048K), 2 survivors (2048K)
 Metaspace       used 104997K, capacity 109162K, committed 109448K, reserved 1144832K
  class space    used 13539K, capacity 14882K, committed 14976K, reserved 1048576K
}
Event: 35.191 GC heap before
{Heap before GC invocations=116 (full 0):
 garbage-first heap   total 314368K, used 176154K [0x00000000a0000000, 0x0000000100000000)
  region size 1024K, 15 young (15360K), 2 survivors (2048K)
 Metaspace       used 105874K, capacity 110050K, committed 110344K, reserved 1144832K
  class space    used 13678K, capacity 15053K, committed 15104K, reserved 1048576K
}
Event: 35.194 GC heap after
{Heap after GC invocations=117 (full 0):
 garbage-first heap   total 314368K, used 164318K [0x00000000a0000000, 0x0000000100000000)
  region size 1024K, 1 young (1024K), 1 survivors (1024K)
 Metaspace       used 105874K, capacity 110050K, committed 110344K, reserved 1144832K
  class space    used 13678K, capacity 15053K, committed 15104K, reserved 1048576K
}
Event: 35.233 GC heap before
{Heap before GC invocations=117 (full 0):
 garbage-first heap   total 314368K, used 177630K [0x00000000a0000000, 0x0000000100000000)
  region size 1024K, 16 young (16384K), 1 survivors (1024K)
 Metaspace       used 105971K, capacity 110182K, committed 110344K, reserved 1144832K
  class space    used 13689K, capacity 15054K, committed 15104K, reserved 1048576K
}
Event: 35.234 GC heap after
{Heap after GC invocations=118 (full 0):
 garbage-first heap   total 314368K, used 164390K [0x00000000a0000000, 0x0000000100000000)
  region size 1024K, 1 young (1024K), 1 survivors (1024K)
 Metaspace       used 105971K, capacity 110182K, committed 110344K, reserved 1144832K
  class space    used 13689K, capacity 15054K, committed 15104K, reserved 1048576K
}
Event: 35.561 GC heap before
{Heap before GC invocations=119 (full 0):
 garbage-first heap   total 330752K, used 329254K [0x00000000a0000000, 0x0000000100000000)
  region size 1024K, 4 young (4096K), 1 survivors (1024K)
 Metaspace       used 106107K, capacity 110270K, committed 110344K, reserved 1144832K
  class space    used 13711K, capacity 15063K, committed 15104K, reserved 1048576K
}
Event: 35.563 GC heap after
{Heap after GC invocations=120 (full 0):
 garbage-first heap   total 331776K, used 164445K [0x00000000a0000000, 0x0000000100000000)
  region size 1024K, 1 young (1024K), 1 survivors (1024K)
 Metaspace       used 106107K, capacity 110270K, committed 110344K, reserved 1144832K
  class space    used 13711K, capacity 15063K, committed 15104K, reserved 1048576K
}
Event: 1126.403 GC heap before
{Heap before GC invocations=120 (full 0):
 garbage-first heap   total 331776K, used 229981K [0x00000000a0000000, 0x0000000100000000)
  region size 1024K, 66 young (67584K), 1 survivors (1024K)
 Metaspace       used 106880K, capacity 111259K, committed 111496K, reserved 1146880K
  class space    used 13790K, capacity 15151K, committed 15232K, reserved 1048576K
}
Event: 1126.414 GC heap after
{Heap after GC invocations=121 (full 0):
 garbage-first heap   total 331776K, used 165089K [0x00000000a0000000, 0x0000000100000000)
  region size 1024K, 2 young (2048K), 2 survivors (2048K)
 Metaspace       used 106880K, capacity 111259K, committed 111496K, reserved 1146880K
  class space    used 13790K, capacity 15151K, committed 15232K, reserved 1048576K
}
Event: 3093.871 GC heap before
{Heap before GC invocations=122 (full 0):
 garbage-first heap   total 331776K, used 238817K [0x00000000a0000000, 0x0000000100000000)
  region size 1024K, 74 young (75776K), 2 survivors (2048K)
 Metaspace       used 106970K, capacity 111324K, committed 111496K, reserved 1146880K
  class space    used 13790K, capacity 15151K, committed 15232K, reserved 1048576K
}
Event: 3093.930 GC heap after
{Heap after GC invocations=123 (full 0):
 garbage-first heap   total 331776K, used 165169K [0x00000000a0000000, 0x0000000100000000)
  region size 1024K, 2 young (2048K), 2 survivors (2048K)
 Metaspace       used 106970K, capacity 111324K, committed 111496K, reserved 1146880K
  class space    used 13790K, capacity 15151K, committed 15232K, reserved 1048576K
}
Event: 3108.250 GC heap before
{Heap before GC invocations=123 (full 0):
 garbage-first heap   total 331776K, used 244017K [0x00000000a0000000, 0x0000000100000000)
  region size 1024K, 80 young (81920K), 2 survivors (2048K)
 Metaspace       used 107348K, capacity 111701K, committed 112008K, reserved 1146880K
  class space    used 13803K, capacity 15173K, committed 15232K, reserved 1048576K
}
Event: 3108.327 GC heap after
{Heap after GC invocations=124 (full 0):
 garbage-first heap   total 331776K, used 173669K [0x00000000a0000000, 0x0000000100000000)
  region size 1024K, 10 young (10240K), 10 survivors (10240K)
 Metaspace       used 107348K, capacity 111701K, committed 112008K, reserved 1146880K
  class space    used 13803K, capacity 15173K, committed 15232K, reserved 1048576K
}
Event: 3109.572 GC heap before
{Heap before GC invocations=125 (full 0):
 garbage-first heap   total 331776K, used 252517K [0x00000000a0000000, 0x0000000100000000)
  region size 1024K, 88 young (90112K), 10 survivors (10240K)
 Metaspace       used 107725K, capacity 112086K, committed 112392K, reserved 1146880K
  class space    used 13842K, capacity 15239K, committed 15360K, reserved 1048576K
}
Event: 3109.646 GC heap after
{Heap after GC invocations=126 (full 0):
 garbage-first heap   total 331776K, used 189448K [0x00000000a0000000, 0x0000000100000000)
  region size 1024K, 11 young (11264K), 11 survivors (11264K)
 Metaspace       used 107725K, capacity 112086K, committed 112392K, reserved 1146880K
  class space    used 13842K, capacity 15239K, committed 15360K, reserved 1048576K
}
Event: 3109.709 GC heap before
{Heap before GC invocations=126 (full 0):
 garbage-first heap   total 331776K, used 194568K [0x00000000a0000000, 0x0000000100000000)
  region size 1024K, 16 young (16384K), 11 survivors (11264K)
 Metaspace       used 107725K, capacity 112086K, committed 112392K, reserved 1146880K
  class space    used 13842K, capacity 15239K, committed 15360K, reserved 1048576K
}
Event: 3109.753 GC heap after
{Heap after GC invocations=127 (full 0):
 garbage-first heap   total 331776K, used 181047K [0x00000000a0000000, 0x0000000100000000)
  region size 1024K, 2 young (2048K), 2 survivors (2048K)
 Metaspace       used 107725K, capacity 112086K, committed 112392K, reserved 1146880K
  class space    used 13842K, capacity 15239K, committed 15360K, reserved 1048576K
}

