# JRE version: OpenJDK Runtime Environment (11.0.15) (build 11.0.15+0-b2043.56-9505619)
# Java VM: OpenJDK 64-Bit Server VM (11.0.15+0-b2043.56-9505619, mixed mode, tiered, compressed oops, g1 gc, windows-amd64)
Heap:
 garbage-first heap   total 145408K, used 75419K [0x00000000a0000000, 0x0000000100000000)
  region size 1024K, 43 young (44032K), 6 survivors (6144K)
 Metaspace       used 49361K, capacity 50803K, committed 51024K, reserved 1093632K
  class space    used 6254K, capacity 6779K, committed 6860K, reserved 1048576K
GC Heap History (18 events):
Event: 0.503 GC heap before
{Heap before GC invocations=0 (full 0):
 garbage-first heap   total 120832K, used 29696K [0x00000000a0000000, 0x0000000100000000)
  region size 1024K, 24 young (24576K), 0 survivors (0K)
 Metaspace       used 10103K, capacity 10345K, committed 10624K, reserved 1058816K
  class space    used 1029K, capacity 1108K, committed 1152K, reserved 1048576K
}
Event: 0.510 GC heap after
{Heap after GC invocations=1 (full 0):
 garbage-first heap   total 120832K, used 9569K [0x00000000a0000000, 0x0000000100000000)
  region size 1024K, 3 young (3072K), 3 survivors (3072K)
 Metaspace       used 10103K, capacity 10345K, committed 10624K, reserved 1058816K
  class space    used 1029K, capacity 1108K, committed 1152K, reserved 1048576K
}
Event: 1.695 GC heap before
{Heap before GC invocations=1 (full 0):
 garbage-first heap   total 120832K, used 78177K [0x00000000a0000000, 0x0000000100000000)
  region size 1024K, 70 young (71680K), 3 survivors (3072K)
 Metaspace       used 17461K, capacity 17797K, committed 18048K, reserved 1064960K
  class space    used 2015K, capacity 2147K, committed 2176K, reserved 1048576K
}
Event: 1.701 GC heap after
{Heap after GC invocations=2 (full 0):
 garbage-first heap   total 120832K, used 16963K [0x00000000a0000000, 0x0000000100000000)
  region size 1024K, 9 young (9216K), 9 survivors (9216K)
 Metaspace       used 17461K, capacity 17797K, committed 18048K, reserved 1064960K
  class space    used 2015K, capacity 2147K, committed 2176K, reserved 1048576K
}
Event: 1.968 GC heap before
{Heap before GC invocations=2 (full 0):
 garbage-first heap   total 120832K, used 42563K [0x00000000a0000000, 0x0000000100000000)
  region size 1024K, 36 young (36864K), 9 survivors (9216K)
 Metaspace       used 20731K, capacity 21178K, committed 21296K, reserved 1069056K
  class space    used 2490K, capacity 2661K, committed 2688K, reserved 1048576K
}
Event: 1.976 GC heap after
{Heap after GC invocations=3 (full 0):
 garbage-first heap   total 120832K, used 17511K [0x00000000a0000000, 0x0000000100000000)
  region size 1024K, 2 young (2048K), 2 survivors (2048K)
 Metaspace       used 20731K, capacity 21178K, committed 21296K, reserved 1069056K
  class space    used 2490K, capacity 2661K, committed 2688K, reserved 1048576K
}
Event: 2.417 GC heap before
{Heap before GC invocations=4 (full 0):
 garbage-first heap   total 120832K, used 63591K [0x00000000a0000000, 0x0000000100000000)
  region size 1024K, 47 young (48128K), 2 survivors (2048K)
 Metaspace       used 25353K, capacity 25932K, committed 25980K, reserved 1071104K
  class space    used 3242K, capacity 3485K, committed 3532K, reserved 1048576K
}
Event: 2.420 GC heap after
{Heap after GC invocations=5 (full 0):
 garbage-first heap   total 120832K, used 19096K [0x00000000a0000000, 0x0000000100000000)
  region size 1024K, 3 young (3072K), 3 survivors (3072K)
 Metaspace       used 25353K, capacity 25932K, committed 25980K, reserved 1071104K
  class space    used 3242K, capacity 3485K, committed 3532K, reserved 1048576K
}
Event: 2.874 GC heap before
{Heap before GC invocations=5 (full 0):
 garbage-first heap   total 120832K, used 71320K [0x00000000a0000000, 0x0000000100000000)
  region size 1024K, 54 young (55296K), 3 survivors (3072K)
 Metaspace       used 30268K, capacity 30947K, committed 31100K, reserved 1077248K
  class space    used 4014K, capacity 4290K, committed 4300K, reserved 1048576K
}
Event: 2.876 GC heap after
{Heap after GC invocations=6 (full 0):
 garbage-first heap   total 120832K, used 20623K [0x00000000a0000000, 0x0000000100000000)
  region size 1024K, 5 young (5120K), 5 survivors (5120K)
 Metaspace       used 30268K, capacity 30947K, committed 31100K, reserved 1077248K
  class space    used 4014K, capacity 4290K, committed 4300K, reserved 1048576K
}
Event: 3.174 GC heap before
{Heap before GC invocations=6 (full 0):
 garbage-first heap   total 120832K, used 39055K [0x00000000a0000000, 0x0000000100000000)
  region size 1024K, 24 young (24576K), 5 survivors (5120K)
 Metaspace       used 35105K, capacity 35866K, committed 36048K, reserved 1081344K
  class space    used 4500K, capacity 4823K, committed 4940K, reserved 1048576K
}
Event: 3.182 GC heap after
{Heap after GC invocations=7 (full 0):
 garbage-first heap   total 120832K, used 22630K [0x00000000a0000000, 0x0000000100000000)
  region size 1024K, 6 young (6144K), 6 survivors (6144K)
 Metaspace       used 35105K, capacity 35866K, committed 36048K, reserved 1081344K
  class space    used 4500K, capacity 4823K, committed 4940K, reserved 1048576K
}
Event: 3.708 GC heap before
{Heap before GC invocations=8 (full 0):
 garbage-first heap   total 120832K, used 79974K [0x00000000a0000000, 0x0000000100000000)
  region size 1024K, 60 young (61440K), 6 survivors (6144K)
 Metaspace       used 40094K, capacity 41018K, committed 41296K, reserved 1085440K
  class space    used 5058K, capacity 5450K, committed 5580K, reserved 1048576K
}
Event: 3.714 GC heap after
{Heap after GC invocations=9 (full 0):
 garbage-first heap   total 120832K, used 28120K [0x00000000a0000000, 0x0000000100000000)
  region size 1024K, 8 young (8192K), 8 survivors (8192K)
 Metaspace       used 40094K, capacity 41018K, committed 41296K, reserved 1085440K
  class space    used 5058K, capacity 5450K, committed 5580K, reserved 1048576K
}
Event: 4.191 GC heap before
{Heap before GC invocations=9 (full 0):
 garbage-first heap   total 120832K, used 82392K [0x00000000a0000000, 0x0000000100000000)
  region size 1024K, 61 young (62464K), 8 survivors (8192K)
 Metaspace       used 44425K, capacity 45491K, committed 45648K, reserved 1089536K
  class space    used 5599K, capacity 5994K, committed 6092K, reserved 1048576K
}
Event: 4.198 GC heap after
{Heap after GC invocations=10 (full 0):
 garbage-first heap   total 145408K, used 31166K [0x00000000a0000000, 0x0000000100000000)
  region size 1024K, 4 young (4096K), 4 survivors (4096K)
 Metaspace       used 44425K, capacity 45491K, committed 45648K, reserved 1089536K
  class space    used 5599K, capacity 5994K, committed 6092K, reserved 1048576K
}
Event: 4.813 GC heap before
{Heap before GC invocations=10 (full 0):
 garbage-first heap   total 145408K, used 97726K [0x00000000a0000000, 0x0000000100000000)
  region size 1024K, 69 young (70656K), 4 survivors (4096K)
 Metaspace       used 48674K, capacity 49934K, committed 50128K, reserved 1093632K
  class space    used 6167K, capacity 6623K, committed 6732K, reserved 1048576K
}
Event: 4.816 GC heap after
{Heap after GC invocations=11 (full 0):
 garbage-first heap   total 145408K, used 33435K [0x00000000a0000000, 0x0000000100000000)
  region size 1024K, 6 young (6144K), 6 survivors (6144K)
 Metaspace       used 48674K, capacity 49934K, committed 50128K, reserved 1093632K
  class space    used 6167K, capacity 6623K, committed 6732K, reserved 1048576K
}

