# JRE version: OpenJDK Runtime Environment (11.0.15) (build 11.0.15+0-b2043.56-9505619)
# Java VM: OpenJDK 64-Bit Server VM (11.0.15+0-b2043.56-9505619, mixed mode, tiered, compressed oops, g1 gc, windows-amd64)
Heap:
 garbage-first heap   total 145408K, used 112264K [0x00000000a0000000, 0x0000000100000000)
  region size 1024K, 3 young (3072K), 2 survivors (2048K)
 Metaspace       used 85882K, capacity 89018K, committed 89296K, reserved 1136640K
  class space    used 11307K, capacity 12330K, committed 12364K, reserved 1048576K
GC Heap History (20 events):
Event: 13.164 GC heap before
{Heap before GC invocations=26 (full 0):
 garbage-first heap   total 145408K, used 87218K [0x00000000a0000000, 0x0000000100000000)
  region size 1024K, 4 young (4096K), 2 survivors (2048K)
 Metaspace       used 79390K, capacity 81869K, committed 82000K, reserved 1120256K
  class space    used 10326K, capacity 11185K, committed 11212K, reserved 1048576K
}
Event: 13.167 GC heap after
{Heap after GC invocations=27 (full 0):
 garbage-first heap   total 145408K, used 86975K [0x00000000a0000000, 0x0000000100000000)
  region size 1024K, 3 young (3072K), 3 survivors (3072K)
 Metaspace       used 79390K, capacity 81869K, committed 82000K, reserved 1120256K
  class space    used 10326K, capacity 11185K, committed 11212K, reserved 1048576K
}
Event: 14.425 GC heap before
{Heap before GC invocations=28 (full 0):
 garbage-first heap   total 145408K, used 111551K [0x00000000a0000000, 0x0000000100000000)
  region size 1024K, 27 young (27648K), 3 survivors (3072K)
 Metaspace       used 80433K, capacity 82975K, committed 83280K, reserved 1122304K
  class space    used 10511K, capacity 11397K, committed 11468K, reserved 1048576K
}
Event: 14.429 GC heap after
{Heap after GC invocations=29 (full 0):
 garbage-first heap   total 145408K, used 92572K [0x00000000a0000000, 0x0000000100000000)
  region size 1024K, 4 young (4096K), 4 survivors (4096K)
 Metaspace       used 80433K, capacity 82975K, committed 83280K, reserved 1122304K
  class space    used 10511K, capacity 11397K, committed 11468K, reserved 1048576K
}
Event: 15.214 GC heap before
{Heap before GC invocations=29 (full 0):
 garbage-first heap   total 145408K, used 104860K [0x00000000a0000000, 0x0000000100000000)
  region size 1024K, 17 young (17408K), 4 survivors (4096K)
 Metaspace       used 80548K, capacity 83168K, committed 83280K, reserved 1122304K
  class space    used 10523K, capacity 11438K, committed 11468K, reserved 1048576K
}
Event: 15.222 GC heap after
{Heap after GC invocations=30 (full 0):
 garbage-first heap   total 145408K, used 96143K [0x00000000a0000000, 0x0000000100000000)
  region size 1024K, 4 young (4096K), 4 survivors (4096K)
 Metaspace       used 80548K, capacity 83168K, committed 83280K, reserved 1122304K
  class space    used 10523K, capacity 11438K, committed 11468K, reserved 1048576K
}
Event: 16.384 GC heap before
{Heap before GC invocations=31 (full 0):
 garbage-first heap   total 145408K, used 114575K [0x00000000a0000000, 0x0000000100000000)
  region size 1024K, 21 young (21504K), 4 survivors (4096K)
 Metaspace       used 81049K, capacity 84023K, committed 84176K, reserved 1122304K
  class space    used 10578K, capacity 11541K, committed 11596K, reserved 1048576K
}
Event: 16.388 GC heap after
{Heap after GC invocations=32 (full 0):
 garbage-first heap   total 145408K, used 102400K [0x00000000a0000000, 0x0000000100000000)
  region size 1024K, 3 young (3072K), 3 survivors (3072K)
 Metaspace       used 81049K, capacity 84023K, committed 84176K, reserved 1122304K
  class space    used 10578K, capacity 11541K, committed 11596K, reserved 1048576K
}
Event: 16.782 GC heap before
{Heap before GC invocations=32 (full 0):
 garbage-first heap   total 145408K, used 112640K [0x00000000a0000000, 0x0000000100000000)
  region size 1024K, 14 young (14336K), 3 survivors (3072K)
 Metaspace       used 81162K, capacity 84228K, committed 84560K, reserved 1122304K
  class space    used 10594K, capacity 11587K, committed 11724K, reserved 1048576K
}
Event: 16.788 GC heap after
{Heap after GC invocations=33 (full 0):
 garbage-first heap   total 145408K, used 103772K [0x00000000a0000000, 0x0000000100000000)
  region size 1024K, 2 young (2048K), 2 survivors (2048K)
 Metaspace       used 81162K, capacity 84228K, committed 84560K, reserved 1122304K
  class space    used 10594K, capacity 11587K, committed 11724K, reserved 1048576K
}
Event: 17.177 GC heap before
{Heap before GC invocations=34 (full 0):
 garbage-first heap   total 145408K, used 107868K [0x00000000a0000000, 0x0000000100000000)
  region size 1024K, 6 young (6144K), 2 survivors (2048K)
 Metaspace       used 81164K, capacity 84228K, committed 84560K, reserved 1122304K
  class space    used 10594K, capacity 11587K, committed 11724K, reserved 1048576K
}
Event: 17.179 GC heap after
{Heap after GC invocations=35 (full 0):
 garbage-first heap   total 145408K, used 107111K [0x00000000a0000000, 0x0000000100000000)
  region size 1024K, 2 young (2048K), 2 survivors (2048K)
 Metaspace       used 81164K, capacity 84228K, committed 84560K, reserved 1122304K
  class space    used 10594K, capacity 11587K, committed 11724K, reserved 1048576K
}
Event: 17.362 GC heap before
{Heap before GC invocations=36 (full 0):
 garbage-first heap   total 145408K, used 121447K [0x00000000a0000000, 0x0000000100000000)
  region size 1024K, 15 young (15360K), 2 survivors (2048K)
 Metaspace       used 81919K, capacity 85095K, committed 85456K, reserved 1122304K
  class space    used 10709K, capacity 11724K, committed 11852K, reserved 1048576K
}
Event: 17.365 GC heap after
{Heap after GC invocations=37 (full 0):
 garbage-first heap   total 145408K, used 108981K [0x00000000a0000000, 0x0000000100000000)
  region size 1024K, 2 young (2048K), 2 survivors (2048K)
 Metaspace       used 81919K, capacity 85095K, committed 85456K, reserved 1122304K
  class space    used 10709K, capacity 11724K, committed 11852K, reserved 1048576K
}
Event: 17.506 GC heap before
{Heap before GC invocations=37 (full 0):
 garbage-first heap   total 145408K, used 121269K [0x00000000a0000000, 0x0000000100000000)
  region size 1024K, 14 young (14336K), 2 survivors (2048K)
 Metaspace       used 82835K, capacity 85879K, committed 86096K, reserved 1124352K
  class space    used 10832K, capacity 11852K, committed 11980K, reserved 1048576K
}
Event: 17.511 GC heap after
{Heap after GC invocations=38 (full 0):
 garbage-first heap   total 145408K, used 110679K [0x00000000a0000000, 0x0000000100000000)
  region size 1024K, 2 young (2048K), 2 survivors (2048K)
 Metaspace       used 82835K, capacity 85879K, committed 86096K, reserved 1124352K
  class space    used 10832K, capacity 11852K, committed 11980K, reserved 1048576K
}
Event: 17.678 GC heap before
{Heap before GC invocations=39 (full 0):
 garbage-first heap   total 145408K, used 121943K [0x00000000a0000000, 0x0000000100000000)
  region size 1024K, 13 young (13312K), 2 survivors (2048K)
 Metaspace       used 83718K, capacity 86866K, committed 87120K, reserved 1124352K
  class space    used 10959K, capacity 11963K, committed 11980K, reserved 1048576K
}
Event: 17.680 GC heap after
{Heap after GC invocations=40 (full 0):
 garbage-first heap   total 145408K, used 111177K [0x00000000a0000000, 0x0000000100000000)
  region size 1024K, 1 young (1024K), 1 survivors (1024K)
 Metaspace       used 83718K, capacity 86866K, committed 87120K, reserved 1124352K
  class space    used 10959K, capacity 11963K, committed 11980K, reserved 1048576K
}
Event: 17.772 GC heap before
{Heap before GC invocations=40 (full 0):
 garbage-first heap   total 145408K, used 122441K [0x00000000a0000000, 0x0000000100000000)
  region size 1024K, 12 young (12288K), 1 survivors (1024K)
 Metaspace       used 84895K, capacity 88024K, committed 88144K, reserved 1128448K
  class space    used 11142K, capacity 12156K, committed 12236K, reserved 1048576K
}
Event: 17.775 GC heap after
{Heap after GC invocations=41 (full 0):
 garbage-first heap   total 145408K, used 111563K [0x00000000a0000000, 0x0000000100000000)
  region size 1024K, 2 young (2048K), 2 survivors (2048K)
 Metaspace       used 84895K, capacity 88024K, committed 88144K, reserved 1128448K
  class space    used 11142K, capacity 12156K, committed 12236K, reserved 1048576K
}

