# JRE version: OpenJDK Runtime Environment (11.0.15) (build 11.0.15+0-b2043.56-9505619)
# Java VM: OpenJDK 64-Bit Server VM (11.0.15+0-b2043.56-9505619, mixed mode, tiered, compressed oops, g1 gc, windows-amd64)
Heap:
 garbage-first heap   total 210944K, used 152514K [0x00000000a0000000, 0x0000000100000000)
  region size 1024K, 31 young (31744K), 5 survivors (5120K)
 Metaspace       used 92664K, capacity 96129K, committed 96264K, reserved 1132544K
  class space    used 12153K, capacity 13309K, committed 13312K, reserved 1048576K
GC Heap History (20 events):
Event: 12.165 GC heap before
{Heap before GC invocations=33 (full 0):
 garbage-first heap   total 145408K, used 117370K [0x00000000a0000000, 0x0000000100000000)
  region size 1024K, 15 young (15360K), 2 survivors (2048K)
 Metaspace       used 81566K, capacity 84601K, committed 84744K, reserved 1122304K
  class space    used 10664K, capacity 11689K, committed 11776K, reserved 1048576K
}
Event: 12.169 GC heap after
{Heap after GC invocations=34 (full 0):
 garbage-first heap   total 145408K, used 107165K [0x00000000a0000000, 0x0000000100000000)
  region size 1024K, 2 young (2048K), 2 survivors (2048K)
 Metaspace       used 81566K, capacity 84601K, committed 84744K, reserved 1122304K
  class space    used 10664K, capacity 11689K, committed 11776K, reserved 1048576K
}
Event: 12.361 GC heap before
{Heap before GC invocations=34 (full 0):
 garbage-first heap   total 145408K, used 119453K [0x00000000a0000000, 0x0000000100000000)
  region size 1024K, 14 young (14336K), 2 survivors (2048K)
 Metaspace       used 82614K, capacity 85759K, committed 85896K, reserved 1124352K
  class space    used 10803K, capacity 11816K, committed 11904K, reserved 1048576K
}
Event: 12.366 GC heap after
{Heap after GC invocations=35 (full 0):
 garbage-first heap   total 145408K, used 108762K [0x00000000a0000000, 0x0000000100000000)
  region size 1024K, 2 young (2048K), 2 survivors (2048K)
 Metaspace       used 82614K, capacity 85759K, committed 85896K, reserved 1124352K
  class space    used 10803K, capacity 11816K, committed 11904K, reserved 1048576K
}
Event: 12.517 GC heap before
{Heap before GC invocations=36 (full 0):
 garbage-first heap   total 145408K, used 120026K [0x00000000a0000000, 0x0000000100000000)
  region size 1024K, 13 young (13312K), 2 survivors (2048K)
 Metaspace       used 83248K, capacity 86360K, committed 86536K, reserved 1124352K
  class space    used 10897K, capacity 11927K, committed 12032K, reserved 1048576K
}
Event: 12.520 GC heap after
{Heap after GC invocations=37 (full 0):
 garbage-first heap   total 145408K, used 109589K [0x00000000a0000000, 0x0000000100000000)
  region size 1024K, 1 young (1024K), 1 survivors (1024K)
 Metaspace       used 83248K, capacity 86360K, committed 86536K, reserved 1124352K
  class space    used 10897K, capacity 11927K, committed 12032K, reserved 1048576K
}
Event: 12.671 GC heap before
{Heap before GC invocations=37 (full 0):
 garbage-first heap   total 145408K, used 121877K [0x00000000a0000000, 0x0000000100000000)
  region size 1024K, 13 young (13312K), 1 survivors (1024K)
 Metaspace       used 84574K, capacity 87700K, committed 87944K, reserved 1126400K
  class space    used 11081K, capacity 12092K, committed 12160K, reserved 1048576K
}
Event: 12.675 GC heap after
{Heap after GC invocations=38 (full 0):
 garbage-first heap   total 145408K, used 109806K [0x00000000a0000000, 0x0000000100000000)
  region size 1024K, 2 young (2048K), 2 survivors (2048K)
 Metaspace       used 84574K, capacity 87700K, committed 87944K, reserved 1126400K
  class space    used 11081K, capacity 12092K, committed 12160K, reserved 1048576K
}
Event: 12.948 GC heap before
{Heap before GC invocations=39 (full 0):
 garbage-first heap   total 145408K, used 122094K [0x00000000a0000000, 0x0000000100000000)
  region size 1024K, 14 young (14336K), 2 survivors (2048K)
 Metaspace       used 85631K, capacity 88726K, committed 88968K, reserved 1126400K
  class space    used 11270K, capacity 12298K, committed 12416K, reserved 1048576K
}
Event: 12.954 GC heap after
{Heap after GC invocations=40 (full 0):
 garbage-first heap   total 175104K, used 110666K [0x00000000a0000000, 0x0000000100000000)
  region size 1024K, 2 young (2048K), 2 survivors (2048K)
 Metaspace       used 85631K, capacity 88726K, committed 88968K, reserved 1126400K
  class space    used 11270K, capacity 12298K, committed 12416K, reserved 1048576K
}
Event: 13.385 GC heap before
{Heap before GC invocations=40 (full 0):
 garbage-first heap   total 175104K, used 134218K [0x00000000a0000000, 0x0000000100000000)
  region size 1024K, 26 young (26624K), 2 survivors (2048K)
 Metaspace       used 88578K, capacity 91777K, committed 91784K, reserved 1128448K
  class space    used 11615K, capacity 12669K, committed 12672K, reserved 1048576K
}
Event: 13.390 GC heap after
{Heap after GC invocations=41 (full 0):
 garbage-first heap   total 175104K, used 112301K [0x00000000a0000000, 0x0000000100000000)
  region size 1024K, 4 young (4096K), 4 survivors (4096K)
 Metaspace       used 88578K, capacity 91777K, committed 91784K, reserved 1128448K
  class space    used 11615K, capacity 12669K, committed 12672K, reserved 1048576K
}
Event: 13.719 GC heap before
{Heap before GC invocations=42 (full 0):
 garbage-first heap   total 175104K, used 136877K [0x00000000a0000000, 0x0000000100000000)
  region size 1024K, 28 young (28672K), 4 survivors (4096K)
 Metaspace       used 89816K, capacity 92994K, committed 93320K, reserved 1130496K
  class space    used 11748K, capacity 12819K, committed 12928K, reserved 1048576K
}
Event: 13.725 GC heap after
{Heap after GC invocations=43 (full 0):
 garbage-first heap   total 175104K, used 115682K [0x00000000a0000000, 0x0000000100000000)
  region size 1024K, 4 young (4096K), 4 survivors (4096K)
 Metaspace       used 89816K, capacity 92994K, committed 93320K, reserved 1130496K
  class space    used 11748K, capacity 12819K, committed 12928K, reserved 1048576K
}
Event: 14.021 GC heap before
{Heap before GC invocations=43 (full 0):
 garbage-first heap   total 175104K, used 139234K [0x00000000a0000000, 0x0000000100000000)
  region size 1024K, 28 young (28672K), 4 survivors (4096K)
 Metaspace       used 90347K, capacity 93633K, committed 93832K, reserved 1130496K
  class space    used 11804K, capacity 12848K, committed 12928K, reserved 1048576K
}
Event: 14.030 GC heap after
{Heap after GC invocations=44 (full 0):
 garbage-first heap   total 175104K, used 120722K [0x00000000a0000000, 0x0000000100000000)
  region size 1024K, 4 young (4096K), 4 survivors (4096K)
 Metaspace       used 90347K, capacity 93633K, committed 93832K, reserved 1130496K
  class space    used 11804K, capacity 12848K, committed 12928K, reserved 1048576K
}
Event: 14.269 GC heap before
{Heap before GC invocations=45 (full 0):
 garbage-first heap   total 175104K, used 142226K [0x00000000a0000000, 0x0000000100000000)
  region size 1024K, 26 young (26624K), 4 survivors (4096K)
 Metaspace       used 90994K, capacity 94326K, committed 94472K, reserved 1130496K
  class space    used 11878K, capacity 12987K, committed 13056K, reserved 1048576K
}
Event: 14.277 GC heap after
{Heap after GC invocations=46 (full 0):
 garbage-first heap   total 210944K, used 124065K [0x00000000a0000000, 0x0000000100000000)
  region size 1024K, 3 young (3072K), 3 survivors (3072K)
 Metaspace       used 90994K, capacity 94326K, committed 94472K, reserved 1130496K
  class space    used 11878K, capacity 12987K, committed 13056K, reserved 1048576K
}
Event: 14.672 GC heap before
{Heap before GC invocations=46 (full 0):
 garbage-first heap   total 210944K, used 155809K [0x00000000a0000000, 0x0000000100000000)
  region size 1024K, 35 young (35840K), 3 survivors (3072K)
 Metaspace       used 92088K, capacity 95525K, committed 95752K, reserved 1132544K
  class space    used 12063K, capacity 13194K, committed 13312K, reserved 1048576K
}
Event: 14.679 GC heap after
{Heap after GC invocations=47 (full 0):
 garbage-first heap   total 210944K, used 126914K [0x00000000a0000000, 0x0000000100000000)
  region size 1024K, 5 young (5120K), 5 survivors (5120K)
 Metaspace       used 92088K, capacity 95525K, committed 95752K, reserved 1132544K
  class space    used 12063K, capacity 13194K, committed 13312K, reserved 1048576K
}

