# JRE version: OpenJDK Runtime Environment (11.0.15) (build 11.0.15+0-b2043.56-9505619)
# Java VM: OpenJDK 64-Bit Server VM (11.0.15+0-b2043.56-9505619, mixed mode, tiered, compressed oops, g1 gc, windows-amd64)
Heap:
 garbage-first heap   total 175104K, used 143958K [0x00000000a0000000, 0x0000000100000000)
  region size 1024K, 17 young (17408K), 1 survivors (1024K)
 Metaspace       used 92617K, capacity 96041K, committed 96208K, reserved 1132544K
  class space    used 12153K, capacity 13303K, committed 13388K, reserved 1048576K
GC Heap History (20 events):
Event: 43.361 GC heap before
{Heap before GC invocations=51 (full 0):
 garbage-first heap   total 175104K, used 108261K [0x00000000a0000000, 0x0000000100000000)
  region size 1024K, 6 young (6144K), 2 survivors (2048K)
 Metaspace       used 81157K, capacity 84224K, committed 84560K, reserved 1122304K
  class space    used 10590K, capacity 11588K, committed 11724K, reserved 1048576K
}
Event: 43.368 GC heap after
{Heap after GC invocations=52 (full 0):
 garbage-first heap   total 175104K, used 107337K [0x00000000a0000000, 0x0000000100000000)
  region size 1024K, 3 young (3072K), 3 survivors (3072K)
 Metaspace       used 81157K, capacity 84224K, committed 84560K, reserved 1122304K
  class space    used 10590K, capacity 11588K, committed 11724K, reserved 1048576K
}
Event: 43.912 GC heap before
{Heap before GC invocations=53 (full 0):
 garbage-first heap   total 175104K, used 129865K [0x00000000a0000000, 0x0000000100000000)
  region size 1024K, 24 young (24576K), 3 survivors (3072K)
 Metaspace       used 82610K, capacity 85693K, committed 85968K, reserved 1124352K
  class space    used 10801K, capacity 11816K, committed 11852K, reserved 1048576K
}
Event: 43.921 GC heap after
{Heap after GC invocations=54 (full 0):
 garbage-first heap   total 175104K, used 109718K [0x00000000a0000000, 0x0000000100000000)
  region size 1024K, 3 young (3072K), 3 survivors (3072K)
 Metaspace       used 82610K, capacity 85693K, committed 85968K, reserved 1124352K
  class space    used 10801K, capacity 11816K, committed 11852K, reserved 1048576K
}
Event: 44.436 GC heap before
{Heap before GC invocations=54 (full 0):
 garbage-first heap   total 175104K, used 132246K [0x00000000a0000000, 0x0000000100000000)
  region size 1024K, 25 young (25600K), 3 survivors (3072K)
 Metaspace       used 84389K, capacity 87540K, committed 87760K, reserved 1124352K
  class space    used 11060K, capacity 12061K, committed 12108K, reserved 1048576K
}
Event: 44.449 GC heap after
{Heap after GC invocations=55 (full 0):
 garbage-first heap   total 175104K, used 110843K [0x00000000a0000000, 0x0000000100000000)
  region size 1024K, 2 young (2048K), 2 survivors (2048K)
 Metaspace       used 84389K, capacity 87540K, committed 87760K, reserved 1124352K
  class space    used 11060K, capacity 12061K, committed 12108K, reserved 1048576K
}
Event: 45.050 GC heap before
{Heap before GC invocations=56 (full 0):
 garbage-first heap   total 175104K, used 133371K [0x00000000a0000000, 0x0000000100000000)
  region size 1024K, 24 young (24576K), 2 survivors (2048K)
 Metaspace       used 87423K, capacity 90637K, committed 90832K, reserved 1128448K
  class space    used 11473K, capacity 12528K, committed 12620K, reserved 1048576K
}
Event: 45.054 GC heap after
{Heap after GC invocations=57 (full 0):
 garbage-first heap   total 175104K, used 112215K [0x00000000a0000000, 0x0000000100000000)
  region size 1024K, 3 young (3072K), 3 survivors (3072K)
 Metaspace       used 87423K, capacity 90637K, committed 90832K, reserved 1128448K
  class space    used 11473K, capacity 12528K, committed 12620K, reserved 1048576K
}
Event: 45.515 GC heap before
{Heap before GC invocations=57 (full 0):
 garbage-first heap   total 175104K, used 136791K [0x00000000a0000000, 0x0000000100000000)
  region size 1024K, 27 young (27648K), 3 survivors (3072K)
 Metaspace       used 89051K, capacity 92235K, committed 92624K, reserved 1128448K
  class space    used 11672K, capacity 12737K, committed 12876K, reserved 1048576K
}
Event: 45.528 GC heap after
{Heap after GC invocations=58 (full 0):
 garbage-first heap   total 175104K, used 114514K [0x00000000a0000000, 0x0000000100000000)
  region size 1024K, 4 young (4096K), 4 survivors (4096K)
 Metaspace       used 89051K, capacity 92235K, committed 92624K, reserved 1128448K
  class space    used 11672K, capacity 12737K, committed 12876K, reserved 1048576K
}
Event: 46.045 GC heap before
{Heap before GC invocations=59 (full 0):
 garbage-first heap   total 175104K, used 139090K [0x00000000a0000000, 0x0000000100000000)
  region size 1024K, 28 young (28672K), 4 survivors (4096K)
 Metaspace       used 90047K, capacity 93252K, committed 93392K, reserved 1130496K
  class space    used 11778K, capacity 12834K, committed 12876K, reserved 1048576K
}
Event: 46.053 GC heap after
{Heap after GC invocations=60 (full 0):
 garbage-first heap   total 175104K, used 118890K [0x00000000a0000000, 0x0000000100000000)
  region size 1024K, 4 young (4096K), 4 survivors (4096K)
 Metaspace       used 90047K, capacity 93252K, committed 93392K, reserved 1130496K
  class space    used 11778K, capacity 12834K, committed 12876K, reserved 1048576K
}
Event: 46.396 GC heap before
{Heap before GC invocations=60 (full 0):
 garbage-first heap   total 175104K, used 140394K [0x00000000a0000000, 0x0000000100000000)
  region size 1024K, 26 young (26624K), 4 survivors (4096K)
 Metaspace       used 90574K, capacity 93903K, committed 94032K, reserved 1130496K
  class space    used 11832K, capacity 12915K, committed 13004K, reserved 1048576K
}
Event: 46.405 GC heap after
{Heap after GC invocations=61 (full 0):
 garbage-first heap   total 175104K, used 123056K [0x00000000a0000000, 0x0000000100000000)
  region size 1024K, 4 young (4096K), 4 survivors (4096K)
 Metaspace       used 90574K, capacity 93903K, committed 94032K, reserved 1130496K
  class space    used 11832K, capacity 12915K, committed 13004K, reserved 1048576K
}
Event: 46.718 GC heap before
{Heap before GC invocations=62 (full 0):
 garbage-first heap   total 175104K, used 142512K [0x00000000a0000000, 0x0000000100000000)
  region size 1024K, 24 young (24576K), 4 survivors (4096K)
 Metaspace       used 91233K, capacity 94594K, committed 94928K, reserved 1130496K
  class space    used 11917K, capacity 13036K, committed 13132K, reserved 1048576K
}
Event: 46.724 GC heap after
{Heap after GC invocations=63 (full 0):
 garbage-first heap   total 175104K, used 125499K [0x00000000a0000000, 0x0000000100000000)
  region size 1024K, 3 young (3072K), 3 survivors (3072K)
 Metaspace       used 91233K, capacity 94594K, committed 94928K, reserved 1130496K
  class space    used 11917K, capacity 13036K, committed 13132K, reserved 1048576K
}
Event: 47.183 GC heap before
{Heap before GC invocations=63 (full 0):
 garbage-first heap   total 175104K, used 143931K [0x00000000a0000000, 0x0000000100000000)
  region size 1024K, 22 young (22528K), 3 survivors (3072K)
 Metaspace       used 92070K, capacity 95445K, committed 95568K, reserved 1132544K
  class space    used 12064K, capacity 13190K, committed 13260K, reserved 1048576K
}
Event: 47.191 GC heap after
{Heap after GC invocations=64 (full 0):
 garbage-first heap   total 175104K, used 127845K [0x00000000a0000000, 0x0000000100000000)
  region size 1024K, 3 young (3072K), 3 survivors (3072K)
 Metaspace       used 92070K, capacity 95445K, committed 95568K, reserved 1132544K
  class space    used 12064K, capacity 13190K, committed 13260K, reserved 1048576K
}
Event: 47.689 GC heap before
{Heap before GC invocations=65 (full 0):
 garbage-first heap   total 175104K, used 146277K [0x00000000a0000000, 0x0000000100000000)
  region size 1024K, 21 young (21504K), 3 survivors (3072K)
 Metaspace       used 92080K, capacity 95511K, committed 95824K, reserved 1132544K
  class space    used 12064K, capacity 13190K, committed 13260K, reserved 1048576K
}
Event: 47.693 GC heap after
{Heap after GC invocations=66 (full 0):
 garbage-first heap   total 175104K, used 128598K [0x00000000a0000000, 0x0000000100000000)
  region size 1024K, 1 young (1024K), 1 survivors (1024K)
 Metaspace       used 92080K, capacity 95511K, committed 95824K, reserved 1132544K
  class space    used 12064K, capacity 13190K, committed 13260K, reserved 1048576K
}

