# JRE version: OpenJDK Runtime Environment (11.0.15) (build 11.0.15+0-b2043.56-9505619)
# Java VM: OpenJDK 64-Bit Server VM (11.0.15+0-b2043.56-9505619, mixed mode, tiered, compressed oops, g1 gc, windows-amd64)
Heap:
 garbage-first heap   total 210944K, used 147181K [0x00000000a0000000, 0x0000000100000000)
  region size 1024K, 25 young (25600K), 4 survivors (4096K)
 Metaspace       used 92578K, capacity 96047K, committed 96208K, reserved 1132544K
  class space    used 12160K, capacity 13305K, committed 13388K, reserved 1048576K
GC Heap History (20 events):
Event: 9.206 GC heap before
{Heap before GC invocations=21 (full 0):
 garbage-first heap   total 145408K, used 119141K [0x00000000a0000000, 0x0000000100000000)
  region size 1024K, 45 young (46080K), 3 survivors (3072K)
 Metaspace       used 77250K, capacity 79451K, committed 79696K, reserved 1118208K
  class space    used 10055K, capacity 10849K, committed 10956K, reserved 1048576K
}
Event: 9.217 GC heap after
{Heap after GC invocations=22 (full 0):
 garbage-first heap   total 175104K, used 79431K [0x00000000a0000000, 0x0000000100000000)
  region size 1024K, 6 young (6144K), 6 survivors (6144K)
 Metaspace       used 77250K, capacity 79451K, committed 79696K, reserved 1118208K
  class space    used 10055K, capacity 10849K, committed 10956K, reserved 1048576K
}
Event: 9.784 GC heap before
{Heap before GC invocations=23 (full 0):
 garbage-first heap   total 175104K, used 134727K [0x00000000a0000000, 0x0000000100000000)
  region size 1024K, 59 young (60416K), 6 survivors (6144K)
 Metaspace       used 79216K, capacity 81596K, committed 81744K, reserved 1120256K
  class space    used 10320K, capacity 11185K, committed 11212K, reserved 1048576K
}
Event: 9.791 GC heap after
{Heap after GC invocations=24 (full 0):
 garbage-first heap   total 175104K, used 88312K [0x00000000a0000000, 0x0000000100000000)
  region size 1024K, 8 young (8192K), 8 survivors (8192K)
 Metaspace       used 79216K, capacity 81596K, committed 81744K, reserved 1120256K
  class space    used 10320K, capacity 11185K, committed 11212K, reserved 1048576K
}
Event: 10.142 GC heap before
{Heap before GC invocations=24 (full 0):
 garbage-first heap   total 175104K, used 120056K [0x00000000a0000000, 0x0000000100000000)
  region size 1024K, 40 young (40960K), 8 survivors (8192K)
 Metaspace       used 80375K, capacity 82967K, committed 83024K, reserved 1120256K
  class space    used 10515K, capacity 11438K, committed 11468K, reserved 1048576K
}
Event: 10.154 GC heap after
{Heap after GC invocations=25 (full 0):
 garbage-first heap   total 175104K, used 94176K [0x00000000a0000000, 0x0000000100000000)
  region size 1024K, 6 young (6144K), 6 survivors (6144K)
 Metaspace       used 80375K, capacity 82967K, committed 83024K, reserved 1120256K
  class space    used 10515K, capacity 11438K, committed 11468K, reserved 1048576K
}
Event: 10.544 GC heap before
{Heap before GC invocations=26 (full 0):
 garbage-first heap   total 175104K, used 122848K [0x00000000a0000000, 0x0000000100000000)
  region size 1024K, 34 young (34816K), 6 survivors (6144K)
 Metaspace       used 81005K, capacity 84028K, committed 84304K, reserved 1122304K
  class space    used 10586K, capacity 11587K, committed 11724K, reserved 1048576K
}
Event: 10.556 GC heap after
{Heap after GC invocations=27 (full 0):
 garbage-first heap   total 175104K, used 102387K [0x00000000a0000000, 0x0000000100000000)
  region size 1024K, 6 young (6144K), 6 survivors (6144K)
 Metaspace       used 81005K, capacity 84028K, committed 84304K, reserved 1122304K
  class space    used 10586K, capacity 11587K, committed 11724K, reserved 1048576K
}
Event: 10.975 GC heap before
{Heap before GC invocations=28 (full 0):
 garbage-first heap   total 175104K, used 140275K [0x00000000a0000000, 0x0000000100000000)
  region size 1024K, 41 young (41984K), 6 survivors (6144K)
 Metaspace       used 83115K, capacity 86197K, committed 86352K, reserved 1124352K
  class space    used 10889K, capacity 11895K, committed 11980K, reserved 1048576K
}
Event: 10.981 GC heap after
{Heap after GC invocations=29 (full 0):
 garbage-first heap   total 175104K, used 108593K [0x00000000a0000000, 0x0000000100000000)
  region size 1024K, 6 young (6144K), 6 survivors (6144K)
 Metaspace       used 83115K, capacity 86197K, committed 86352K, reserved 1124352K
  class space    used 10889K, capacity 11895K, committed 11980K, reserved 1048576K
}
Event: 11.412 GC heap before
{Heap before GC invocations=29 (full 0):
 garbage-first heap   total 175104K, used 141361K [0x00000000a0000000, 0x0000000100000000)
  region size 1024K, 38 young (38912K), 6 survivors (6144K)
 Metaspace       used 87202K, capacity 90346K, committed 90576K, reserved 1128448K
  class space    used 11460K, capacity 12495K, committed 12620K, reserved 1048576K
}
Event: 11.418 GC heap after
{Heap after GC invocations=30 (full 0):
 garbage-first heap   total 175104K, used 110684K [0x00000000a0000000, 0x0000000100000000)
  region size 1024K, 2 young (2048K), 2 survivors (2048K)
 Metaspace       used 87202K, capacity 90346K, committed 90576K, reserved 1128448K
  class space    used 11460K, capacity 12495K, committed 12620K, reserved 1048576K
}
Event: 11.763 GC heap before
{Heap before GC invocations=31 (full 0):
 garbage-first heap   total 175104K, used 143452K [0x00000000a0000000, 0x0000000100000000)
  region size 1024K, 34 young (34816K), 2 survivors (2048K)
 Metaspace       used 89311K, capacity 92425K, committed 92624K, reserved 1128448K
  class space    used 11723K, capacity 12774K, committed 12876K, reserved 1048576K
}
Event: 11.766 GC heap after
{Heap after GC invocations=32 (full 0):
 garbage-first heap   total 175104K, used 113225K [0x00000000a0000000, 0x0000000100000000)
  region size 1024K, 5 young (5120K), 5 survivors (5120K)
 Metaspace       used 89311K, capacity 92425K, committed 92624K, reserved 1128448K
  class space    used 11723K, capacity 12774K, committed 12876K, reserved 1048576K
}
Event: 12.121 GC heap before
{Heap before GC invocations=32 (full 0):
 garbage-first heap   total 175104K, used 143945K [0x00000000a0000000, 0x0000000100000000)
  region size 1024K, 36 young (36864K), 5 survivors (5120K)
 Metaspace       used 90190K, capacity 93492K, committed 93648K, reserved 1130496K
  class space    used 11802K, capacity 12846K, committed 12876K, reserved 1048576K
}
Event: 12.129 GC heap after
{Heap after GC invocations=33 (full 0):
 garbage-first heap   total 175104K, used 119735K [0x00000000a0000000, 0x0000000100000000)
  region size 1024K, 5 young (5120K), 5 survivors (5120K)
 Metaspace       used 90190K, capacity 93492K, committed 93648K, reserved 1130496K
  class space    used 11802K, capacity 12846K, committed 12876K, reserved 1048576K
}
Event: 12.349 GC heap before
{Heap before GC invocations=34 (full 0):
 garbage-first heap   total 175104K, used 144311K [0x00000000a0000000, 0x0000000100000000)
  region size 1024K, 30 young (30720K), 5 survivors (5120K)
 Metaspace       used 90961K, capacity 94323K, committed 94544K, reserved 1130496K
  class space    used 11891K, capacity 12987K, committed 13004K, reserved 1048576K
}
Event: 12.355 GC heap after
{Heap after GC invocations=35 (full 0):
 garbage-first heap   total 210944K, used 123231K [0x00000000a0000000, 0x0000000100000000)
  region size 1024K, 4 young (4096K), 4 survivors (4096K)
 Metaspace       used 90961K, capacity 94323K, committed 94544K, reserved 1130496K
  class space    used 11891K, capacity 12987K, committed 13004K, reserved 1048576K
}
Event: 12.750 GC heap before
{Heap before GC invocations=35 (full 0):
 garbage-first heap   total 210944K, used 159071K [0x00000000a0000000, 0x0000000100000000)
  region size 1024K, 40 young (40960K), 4 survivors (4096K)
 Metaspace       used 92026K, capacity 95449K, committed 95568K, reserved 1132544K
  class space    used 12071K, capacity 13192K, committed 13260K, reserved 1048576K
}
Event: 12.756 GC heap after
{Heap after GC invocations=36 (full 0):
 garbage-first heap   total 210944K, used 126701K [0x00000000a0000000, 0x0000000100000000)
  region size 1024K, 4 young (4096K), 4 survivors (4096K)
 Metaspace       used 92026K, capacity 95449K, committed 95568K, reserved 1132544K
  class space    used 12071K, capacity 13192K, committed 13260K, reserved 1048576K
}

