# JRE version: OpenJDK Runtime Environment (11.0.15) (build 11.0.15+0-b2043.56-9505619)
# Java VM: OpenJDK 64-Bit Server VM (11.0.15+0-b2043.56-9505619, mixed mode, tiered, compressed oops, g1 gc, windows-amd64)
Heap:
 garbage-first heap   total 323584K, used 236893K [0x00000000a0000000, 0x0000000100000000)
  region size 1024K, 81 young (82944K), 4 survivors (4096K)
 Metaspace       used 107127K, capacity 111276K, committed 111496K, reserved 1146880K
  class space    used 13776K, capacity 15109K, committed 15232K, reserved 1048576K
GC Heap History (20 events):
Event: 23.673 GC heap before
{Heap before GC invocations=71 (full 0):
 garbage-first heap   total 210944K, used 157873K [0x00000000a0000000, 0x0000000100000000)
  region size 1024K, 17 young (17408K), 5 survivors (5120K)
 Metaspace       used 102975K, capacity 106838K, committed 107272K, reserved 1142784K
  class space    used 13339K, capacity 14630K, committed 14848K, reserved 1048576K
}
Event: 23.679 GC heap after
{Heap after GC invocations=72 (full 0):
 garbage-first heap   total 210944K, used 149163K [0x00000000a0000000, 0x0000000100000000)
  region size 1024K, 4 young (4096K), 4 survivors (4096K)
 Metaspace       used 102975K, capacity 106838K, committed 107272K, reserved 1142784K
  class space    used 13339K, capacity 14630K, committed 14848K, reserved 1048576K
}
Event: 24.006 GC heap before
{Heap before GC invocations=73 (full 0):
 garbage-first heap   total 317440K, used 300715K [0x00000000a0000000, 0x0000000100000000)
  region size 1024K, 36 young (36864K), 4 survivors (4096K)
 Metaspace       used 103074K, capacity 107034K, committed 107528K, reserved 1142784K
  class space    used 13345K, capacity 14630K, committed 14848K, reserved 1048576K
}
Event: 24.010 GC heap after
{Heap after GC invocations=74 (full 0):
 garbage-first heap   total 317440K, used 256884K [0x00000000a0000000, 0x0000000100000000)
  region size 1024K, 3 young (3072K), 3 survivors (3072K)
 Metaspace       used 103074K, capacity 107034K, committed 107528K, reserved 1142784K
  class space    used 13345K, capacity 14630K, committed 14848K, reserved 1048576K
}
Event: 24.092 GC heap before
{Heap before GC invocations=74 (full 0):
 garbage-first heap   total 317440K, used 278388K [0x00000000a0000000, 0x0000000100000000)
  region size 1024K, 26 young (26624K), 3 survivors (3072K)
 Metaspace       used 103110K, capacity 107101K, committed 107528K, reserved 1142784K
  class space    used 13346K, capacity 14630K, committed 14848K, reserved 1048576K
}
Event: 24.097 GC heap after
{Heap after GC invocations=75 (full 0):
 garbage-first heap   total 317440K, used 257871K [0x00000000a0000000, 0x0000000100000000)
  region size 1024K, 3 young (3072K), 3 survivors (3072K)
 Metaspace       used 103110K, capacity 107101K, committed 107528K, reserved 1142784K
  class space    used 13346K, capacity 14630K, committed 14848K, reserved 1048576K
}
Event: 24.241 GC heap before
{Heap before GC invocations=75 (full 0):
 garbage-first heap   total 317440K, used 279375K [0x00000000a0000000, 0x0000000100000000)
  region size 1024K, 26 young (26624K), 3 survivors (3072K)
 Metaspace       used 103265K, capacity 107263K, committed 107784K, reserved 1142784K
  class space    used 13361K, capacity 14638K, committed 14848K, reserved 1048576K
}
Event: 24.245 GC heap after
{Heap after GC invocations=76 (full 0):
 garbage-first heap   total 317440K, used 259235K [0x00000000a0000000, 0x0000000100000000)
  region size 1024K, 3 young (3072K), 3 survivors (3072K)
 Metaspace       used 103265K, capacity 107263K, committed 107784K, reserved 1142784K
  class space    used 13361K, capacity 14638K, committed 14848K, reserved 1048576K
}
Event: 24.459 GC heap before
{Heap before GC invocations=77 (full 0):
 garbage-first heap   total 317440K, used 279715K [0x00000000a0000000, 0x0000000100000000)
  region size 1024K, 25 young (25600K), 3 survivors (3072K)
 Metaspace       used 103356K, capacity 107289K, committed 107784K, reserved 1142784K
  class space    used 13369K, capacity 14644K, committed 14848K, reserved 1048576K
}
Event: 24.462 GC heap after
{Heap after GC invocations=78 (full 0):
 garbage-first heap   total 317440K, used 260293K [0x00000000a0000000, 0x0000000100000000)
  region size 1024K, 3 young (3072K), 3 survivors (3072K)
 Metaspace       used 103356K, capacity 107289K, committed 107784K, reserved 1142784K
  class space    used 13369K, capacity 14644K, committed 14848K, reserved 1048576K
}
Event: 24.890 GC heap before
{Heap before GC invocations=78 (full 0):
 garbage-first heap   total 317440K, used 279749K [0x00000000a0000000, 0x0000000100000000)
  region size 1024K, 23 young (23552K), 3 survivors (3072K)
 Metaspace       used 103868K, capacity 107818K, committed 108040K, reserved 1142784K
  class space    used 13412K, capacity 14687K, committed 14848K, reserved 1048576K
}
Event: 24.894 GC heap after
{Heap after GC invocations=79 (full 0):
 garbage-first heap   total 317440K, used 262709K [0x00000000a0000000, 0x0000000100000000)
  region size 1024K, 3 young (3072K), 3 survivors (3072K)
 Metaspace       used 103868K, capacity 107818K, committed 108040K, reserved 1142784K
  class space    used 13412K, capacity 14687K, committed 14848K, reserved 1048576K
}
Event: 25.577 GC heap before
{Heap before GC invocations=80 (full 0):
 garbage-first heap   total 317440K, used 226869K [0x00000000a0000000, 0x0000000100000000)
  region size 1024K, 21 young (21504K), 3 survivors (3072K)
 Metaspace       used 105583K, capacity 109552K, committed 109704K, reserved 1144832K
  class space    used 13633K, capacity 14934K, committed 14976K, reserved 1048576K
}
Event: 25.580 GC heap after
{Heap after GC invocations=81 (full 0):
 garbage-first heap   total 317440K, used 157563K [0x00000000a0000000, 0x0000000100000000)
  region size 1024K, 2 young (2048K), 2 survivors (2048K)
 Metaspace       used 105583K, capacity 109552K, committed 109704K, reserved 1144832K
  class space    used 13633K, capacity 14934K, committed 14976K, reserved 1048576K
}
Event: 25.631 GC heap before
{Heap before GC invocations=81 (full 0):
 garbage-first heap   total 317440K, used 174971K [0x00000000a0000000, 0x0000000100000000)
  region size 1024K, 21 young (21504K), 2 survivors (2048K)
 Metaspace       used 105724K, capacity 109725K, committed 110088K, reserved 1144832K
  class space    used 13651K, capacity 14969K, committed 15104K, reserved 1048576K
}
Event: 25.633 GC heap after
{Heap after GC invocations=82 (full 0):
 garbage-first heap   total 317440K, used 157553K [0x00000000a0000000, 0x0000000100000000)
  region size 1024K, 2 young (2048K), 2 survivors (2048K)
 Metaspace       used 105724K, capacity 109725K, committed 110088K, reserved 1144832K
  class space    used 13651K, capacity 14969K, committed 15104K, reserved 1048576K
}
Event: 25.698 GC heap before
{Heap before GC invocations=82 (full 0):
 garbage-first heap   total 321536K, used 320369K [0x00000000a0000000, 0x0000000100000000)
  region size 1024K, 3 young (3072K), 2 survivors (2048K)
 Metaspace       used 105731K, capacity 109725K, committed 110088K, reserved 1144832K
  class space    used 13652K, capacity 14969K, committed 15104K, reserved 1048576K
}
Event: 25.700 GC heap after
{Heap after GC invocations=83 (full 0):
 garbage-first heap   total 323584K, used 157790K [0x00000000a0000000, 0x0000000100000000)
  region size 1024K, 2 young (2048K), 2 survivors (2048K)
 Metaspace       used 105731K, capacity 109725K, committed 110088K, reserved 1144832K
  class space    used 13652K, capacity 14969K, committed 15104K, reserved 1048576K
}
Event: 694.328 GC heap before
{Heap before GC invocations=84 (full 0):
 garbage-first heap   total 323584K, used 228446K [0x00000000a0000000, 0x0000000100000000)
  region size 1024K, 71 young (72704K), 2 survivors (2048K)
 Metaspace       used 106752K, capacity 110934K, committed 111112K, reserved 1144832K
  class space    used 13758K, capacity 15079K, committed 15104K, reserved 1048576K
}
Event: 694.353 GC heap after
{Heap after GC invocations=85 (full 0):
 garbage-first heap   total 323584K, used 160093K [0x00000000a0000000, 0x0000000100000000)
  region size 1024K, 4 young (4096K), 4 survivors (4096K)
 Metaspace       used 106752K, capacity 110934K, committed 111112K, reserved 1144832K
  class space    used 13758K, capacity 15079K, committed 15104K, reserved 1048576K
}

