# JRE version: OpenJDK Runtime Environment (11.0.15) (build 11.0.15+0-b2043.56-9505619)
# Java VM: OpenJDK 64-Bit Server VM (11.0.15+0-b2043.56-9505619, mixed mode, tiered, compressed oops, g1 gc, windows-amd64)
Heap:
 garbage-first heap   total 212992K, used 160395K [0x00000000a0000000, 0x0000000100000000)
  region size 1024K, 33 young (33792K), 4 survivors (4096K)
 Metaspace       used 98148K, capacity 101729K, committed 101800K, reserved 1136640K
  class space    used 12881K, capacity 14065K, committed 14080K, reserved 1048576K
GC Heap History (20 events):
Event: 11.484 GC heap before
{Heap before GC invocations=39 (full 0):
 garbage-first heap   total 145408K, used 123915K [0x00000000a0000000, 0x0000000100000000)
  region size 1024K, 18 young (18432K), 3 survivors (3072K)
 Metaspace       used 86406K, capacity 89539K, committed 89640K, reserved 1126400K
  class space    used 11296K, capacity 12315K, committed 12416K, reserved 1048576K
}
Event: 11.487 GC heap after
{Heap after GC invocations=40 (full 0):
 garbage-first heap   total 145408K, used 110149K [0x00000000a0000000, 0x0000000100000000)
  region size 1024K, 3 young (3072K), 3 survivors (3072K)
 Metaspace       used 86406K, capacity 89539K, committed 89640K, reserved 1126400K
  class space    used 11296K, capacity 12315K, committed 12416K, reserved 1048576K
}
Event: 11.523 GC heap before
{Heap before GC invocations=40 (full 0):
 garbage-first heap   total 145408K, used 123461K [0x00000000a0000000, 0x0000000100000000)
  region size 1024K, 16 young (16384K), 3 survivors (3072K)
 Metaspace       used 86407K, capacity 89539K, committed 89640K, reserved 1126400K
  class space    used 11296K, capacity 12315K, committed 12416K, reserved 1048576K
}
Event: 11.526 GC heap after
{Heap after GC invocations=41 (full 0):
 garbage-first heap   total 145408K, used 110337K [0x00000000a0000000, 0x0000000100000000)
  region size 1024K, 1 young (1024K), 1 survivors (1024K)
 Metaspace       used 86407K, capacity 89539K, committed 89640K, reserved 1126400K
  class space    used 11296K, capacity 12315K, committed 12416K, reserved 1048576K
}
Event: 11.827 GC heap before
{Heap before GC invocations=42 (full 0):
 garbage-first heap   total 145408K, used 123649K [0x00000000a0000000, 0x0000000100000000)
  region size 1024K, 14 young (14336K), 1 survivors (1024K)
 Metaspace       used 86931K, capacity 90178K, committed 90536K, reserved 1128448K
  class space    used 11371K, capacity 12438K, committed 12544K, reserved 1048576K
}
Event: 11.830 GC heap after
{Heap after GC invocations=43 (full 0):
 garbage-first heap   total 145408K, used 112559K [0x00000000a0000000, 0x0000000100000000)
  region size 1024K, 2 young (2048K), 2 survivors (2048K)
 Metaspace       used 86931K, capacity 90178K, committed 90536K, reserved 1128448K
  class space    used 11371K, capacity 12438K, committed 12544K, reserved 1048576K
}
Event: 11.961 GC heap before
{Heap before GC invocations=43 (full 0):
 garbage-first heap   total 145408K, used 124847K [0x00000000a0000000, 0x0000000100000000)
  region size 1024K, 14 young (14336K), 2 survivors (2048K)
 Metaspace       used 87938K, capacity 91277K, committed 91432K, reserved 1128448K
  class space    used 11518K, capacity 12591K, committed 12672K, reserved 1048576K
}
Event: 11.968 GC heap after
{Heap after GC invocations=44 (full 0):
 garbage-first heap   total 175104K, used 113949K [0x00000000a0000000, 0x0000000100000000)
  region size 1024K, 2 young (2048K), 2 survivors (2048K)
 Metaspace       used 87938K, capacity 91277K, committed 91432K, reserved 1128448K
  class space    used 11518K, capacity 12591K, committed 12672K, reserved 1048576K
}
Event: 12.199 GC heap before
{Heap before GC invocations=45 (full 0):
 garbage-first heap   total 175104K, used 135453K [0x00000000a0000000, 0x0000000100000000)
  region size 1024K, 23 young (23552K), 2 survivors (2048K)
 Metaspace       used 89656K, capacity 92999K, committed 93224K, reserved 1130496K
  class space    used 11768K, capacity 12833K, committed 12928K, reserved 1048576K
}
Event: 12.202 GC heap after
{Heap after GC invocations=46 (full 0):
 garbage-first heap   total 175104K, used 114949K [0x00000000a0000000, 0x0000000100000000)
  region size 1024K, 3 young (3072K), 3 survivors (3072K)
 Metaspace       used 89656K, capacity 92999K, committed 93224K, reserved 1130496K
  class space    used 11768K, capacity 12833K, committed 12928K, reserved 1048576K
}
Event: 12.447 GC heap before
{Heap before GC invocations=46 (full 0):
 garbage-first heap   total 175104K, used 137477K [0x00000000a0000000, 0x0000000100000000)
  region size 1024K, 25 young (25600K), 3 survivors (3072K)
 Metaspace       used 92696K, capacity 96000K, committed 96168K, reserved 1132544K
  class space    used 12187K, capacity 13268K, committed 13312K, reserved 1048576K
}
Event: 12.455 GC heap after
{Heap after GC invocations=47 (full 0):
 garbage-first heap   total 175104K, used 116165K [0x00000000a0000000, 0x0000000100000000)
  region size 1024K, 3 young (3072K), 3 survivors (3072K)
 Metaspace       used 92696K, capacity 96000K, committed 96168K, reserved 1132544K
  class space    used 12187K, capacity 13268K, committed 13312K, reserved 1048576K
}
Event: 12.705 GC heap before
{Heap before GC invocations=48 (full 0):
 garbage-first heap   total 175104K, used 139717K [0x00000000a0000000, 0x0000000100000000)
  region size 1024K, 26 young (26624K), 3 survivors (3072K)
 Metaspace       used 94357K, capacity 97760K, committed 97960K, reserved 1134592K
  class space    used 12374K, capacity 13467K, committed 13568K, reserved 1048576K
}
Event: 12.708 GC heap after
{Heap after GC invocations=49 (full 0):
 garbage-first heap   total 175104K, used 117994K [0x00000000a0000000, 0x0000000100000000)
  region size 1024K, 3 young (3072K), 3 survivors (3072K)
 Metaspace       used 94357K, capacity 97760K, committed 97960K, reserved 1134592K
  class space    used 12374K, capacity 13467K, committed 13568K, reserved 1048576K
}
Event: 12.914 GC heap before
{Heap before GC invocations=49 (full 0):
 garbage-first heap   total 175104K, used 141546K [0x00000000a0000000, 0x0000000100000000)
  region size 1024K, 26 young (26624K), 3 survivors (3072K)
 Metaspace       used 95432K, capacity 98845K, committed 99112K, reserved 1134592K
  class space    used 12485K, capacity 13589K, committed 13696K, reserved 1048576K
}
Event: 12.920 GC heap after
{Heap after GC invocations=50 (full 0):
 garbage-first heap   total 212992K, used 121856K [0x00000000a0000000, 0x0000000100000000)
  region size 1024K, 4 young (4096K), 4 survivors (4096K)
 Metaspace       used 95432K, capacity 98845K, committed 99112K, reserved 1134592K
  class space    used 12485K, capacity 13589K, committed 13696K, reserved 1048576K
}
Event: 13.224 GC heap before
{Heap before GC invocations=51 (full 0):
 garbage-first heap   total 212992K, used 158720K [0x00000000a0000000, 0x0000000100000000)
  region size 1024K, 40 young (40960K), 4 survivors (4096K)
 Metaspace       used 96261K, capacity 99637K, committed 99880K, reserved 1136640K
  class space    used 12574K, capacity 13649K, committed 13696K, reserved 1048576K
}
Event: 13.232 GC heap after
{Heap after GC invocations=52 (full 0):
 garbage-first heap   total 212992K, used 127723K [0x00000000a0000000, 0x0000000100000000)
  region size 1024K, 5 young (5120K), 5 survivors (5120K)
 Metaspace       used 96261K, capacity 99637K, committed 99880K, reserved 1136640K
  class space    used 12574K, capacity 13649K, committed 13696K, reserved 1048576K
}
Event: 13.627 GC heap before
{Heap before GC invocations=52 (full 0):
 garbage-first heap   total 212992K, used 162539K [0x00000000a0000000, 0x0000000100000000)
  region size 1024K, 40 young (40960K), 5 survivors (5120K)
 Metaspace       used 97608K, capacity 101196K, committed 101544K, reserved 1136640K
  class space    used 12792K, capacity 13953K, committed 14080K, reserved 1048576K
}
Event: 13.639 GC heap after
{Heap after GC invocations=53 (full 0):
 garbage-first heap   total 212992K, used 131723K [0x00000000a0000000, 0x0000000100000000)
  region size 1024K, 4 young (4096K), 4 survivors (4096K)
 Metaspace       used 97608K, capacity 101196K, committed 101544K, reserved 1136640K
  class space    used 12792K, capacity 13953K, committed 14080K, reserved 1048576K
}

