# JRE version: OpenJDK Runtime Environment (11.0.15) (build 11.0.15+0-b2043.56-9505619)
# Java VM: OpenJDK 64-Bit Server VM (11.0.15+0-b2043.56-9505619, mixed mode, tiered, compressed oops, g1 gc, windows-amd64)
Heap:
 garbage-first heap   total 120832K, used 25009K [0x00000000a0000000, 0x0000000100000000)
  region size 1024K, 10 young (10240K), 2 survivors (2048K)
 Metaspace       used 21687K, capacity 22208K, committed 22576K, reserved 1069056K
  class space    used 2663K, capacity 2837K, committed 2944K, reserved 1048576K
GC Heap History (6 events):
Event: 0.543 GC heap before
{Heap before GC invocations=0 (full 0):
 garbage-first heap   total 120832K, used 29696K [0x00000000a0000000, 0x0000000100000000)
  region size 1024K, 24 young (24576K), 0 survivors (0K)
 Metaspace       used 10105K, capacity 10341K, committed 10624K, reserved 1058816K
  class space    used 1030K, capacity 1108K, committed 1152K, reserved 1048576K
}
Event: 0.548 GC heap after
{Heap after GC invocations=1 (full 0):
 garbage-first heap   total 120832K, used 9190K [0x00000000a0000000, 0x0000000100000000)
  region size 1024K, 3 young (3072K), 3 survivors (3072K)
 Metaspace       used 10105K, capacity 10341K, committed 10624K, reserved 1058816K
  class space    used 1030K, capacity 1108K, committed 1152K, reserved 1048576K
}
Event: 1.723 GC heap before
{Heap before GC invocations=1 (full 0):
 garbage-first heap   total 120832K, used 78822K [0x00000000a0000000, 0x0000000100000000)
  region size 1024K, 70 young (71680K), 3 survivors (3072K)
 Metaspace       used 17476K, capacity 17857K, committed 18048K, reserved 1064960K
  class space    used 2015K, capacity 2147K, committed 2176K, reserved 1048576K
}
Event: 1.729 GC heap after
{Heap after GC invocations=2 (full 0):
 garbage-first heap   total 120832K, used 16106K [0x00000000a0000000, 0x0000000100000000)
  region size 1024K, 9 young (9216K), 9 survivors (9216K)
 Metaspace       used 17476K, capacity 17857K, committed 18048K, reserved 1064960K
  class space    used 2015K, capacity 2147K, committed 2176K, reserved 1048576K
}
Event: 1.989 GC heap before
{Heap before GC invocations=2 (full 0):
 garbage-first heap   total 120832K, used 41706K [0x00000000a0000000, 0x0000000100000000)
  region size 1024K, 36 young (36864K), 9 survivors (9216K)
 Metaspace       used 20716K, capacity 21142K, committed 21296K, reserved 1069056K
  class space    used 2483K, capacity 2629K, committed 2688K, reserved 1048576K
}
Event: 1.995 GC heap after
{Heap after GC invocations=3 (full 0):
 garbage-first heap   total 120832K, used 17841K [0x00000000a0000000, 0x0000000100000000)
  region size 1024K, 2 young (2048K), 2 survivors (2048K)
 Metaspace       used 20716K, capacity 21142K, committed 21296K, reserved 1069056K
  class space    used 2483K, capacity 2629K, committed 2688K, reserved 1048576K
}

